472000.806371399	472001.159627032	353.25563297374174
472022.010932104	472022.111554203	100.62209895113483
472042.320152298	472042.446033879	125.88158098515123
472062.560422974	472062.595000596	34.577622020151466
472082.924077735	472083.026137054	102.05931903328747
472103.298089114	472103.381708292	83.61917798174545
472123.671740817	472123.766192341	94.45152396801859
472144.064350191	472144.172103673	107.75348200695589
472164.173329796	472164.315861113	142.53131701843813
472184.415195662	472184.483373479	68.17781698191538
472204.921237873	472205.008953056	87.71518303547055
472225.259340417	472225.325819967	66.47955003427342
472245.744517707	472245.875572888	131.05518103111535
472266.4903922	472266.569427532	79.03533201897517
472286.948956275	472287.065011166	116.05489096837118
472307.205124357	472307.353392188	148.26783095486462
472327.862000111	472328.022312187	160.31207598280162
472348.213069356	472348.294773281	81.70392503961921
472368.598575847	472368.72168683	123.11098299687728
472388.845342658	472388.959779913	114.43725501885638
472409.34921904	472409.469758405	120.53936498705298
Sent msgs: 21
Received msgs: 21
Elapsed_time(s): 429.8055748939514
