529382.650639165	529383.077431379	426.7922140425071
529403.55371742	529403.659743802	106.02638206910342
529423.945170487	529424.025109412	79.93892498780042
529444.621714237	529444.661266085	39.5518479635939
529465.199668833	529465.286976483	87.30764989741147
529485.709878358	529485.759482329	49.60397107060999
529506.147303536	529506.259174631	111.8710950249806
529526.77066219	529526.82763655	56.974359904415905
529547.442876932	529547.571845872	128.96894000004977
529567.815599382	529567.962465066	146.86568395700306
529588.645787763	529588.736562934	90.77517106197774
529609.016470293	529609.090112326	73.6420329194516
529629.646550447	529629.729473688	82.92324107605964
529650.013078033	529650.101739654	88.66162097547203
529670.4474182	529670.546423683	99.00548297446221
529691.283477091	529691.387133154	103.65606297273189
529711.875631834	529711.976585475	100.95364099834114
529732.329256666	529732.413533704	84.27703799679875
529753.1401355	529753.21626694	76.13144000060856
529773.826098663	529773.880766662	54.667998920194805
529794.582361874	529794.697715888	115.35401397850364
Sent msgs: 21
Received msgs: 21
Elapsed_time(s): 433.4073557853699
