520586.140520688	520586.218964316	78.44362803734839
520606.775498063	520606.809373714	33.8756509590894
520627.442248377	520627.459766193	17.517815984319896
520647.916678814	520647.945398803	28.719989000819623
520668.204855814	520668.236082735	31.226921011693776
520688.679903927	520688.705804573	25.900645996443927
520709.278774147	520709.302563207	23.78906001104042
520729.660277145	520729.688966867	28.689722006674856
520750.305264829	520750.325126857	19.8620279552415
520771.069398739	520771.094627102	25.22836299613118
520791.671876778	520791.691961767	20.084988966118544
520812.326657029	520812.349524953	22.86792400991544
520833.144132381	520833.166686013	22.553631977643818
520853.923854282	520853.957390558	33.53627596516162
520874.68008569	520874.716276588	36.19089798303321
520895.592198032	520895.630392068	38.1940359948203
520916.10894278	520916.14167205	32.729269994888455
520936.828052796	520936.839580075	11.527278984431177
520957.835360168	520957.867877417	32.517248997464776
520978.313177907	520978.344704838	31.526930979453027
520998.850414373	520998.875390478	24.976105021778494
Sent msgs: 21
Received msgs: 21
Elapsed_time(s): 434.4530165195465
