447366.859068841	447367.610606852	751.5380110125989
447387.803569596	447387.978052476	174.48287998558953
447408.463052004	447408.613422003	150.36999899894
447428.797357518	447429.12950168	332.1441620355472
447449.448505844	447449.562211005	113.7051610276103
447469.9563232	447470.151630181	195.30698098242283
447490.866646841	447490.928022817	61.37597601627931
447511.621414626	447511.843695342	222.28071599965915
447532.104184892	447532.269095	164.91010796744376
447552.551317433	447552.840073085	288.7556519708596
447573.249981912	447573.335067631	85.08571895072237
447593.741458889	447593.911778345	170.31945602502674
447614.339409807	447614.654068339	314.6585319773294
447634.967922383	447635.056187348	88.26496498659253
447655.337771382	447655.40673241	68.96102800965309
447676.010324186	447676.154651039	144.3268529837951
447696.385343859	447696.532409827	147.0659680198878
447717.073287034	447717.44939093	376.10389600740746
447737.450024611	447737.562605334	112.58072295458987
447757.993293793	447758.094683761	101.38996801106259
447778.510524326	447778.858062693	347.53836697200313
Sent msgs: 21
Received msgs: 21
Elapsed_time(s): 433.0609350204468
