3850.586739174	3850.670889144	84.14996999999858
3871.165233056	3871.221376079	56.14302300000418
3891.781476447	3891.934457904	152.98145699989618
3912.866598224	3913.03004629	163.44806600000084
3933.562308474	3933.718874673	156.56619899982616
3954.430123274	3954.501359599	71.23632499997257
3974.746717876	3974.842292857	95.57498100002704
3995.380966297	3995.490513886	109.5475889997033
4015.974600136	4016.032674063	58.073926999895775
4036.481985872	4036.579518735	97.53286299974206
4057.311407291	4057.47832771	166.9204190002347
4078.172443829	4078.289048779	116.6049500002373
4098.787218205	4098.944104331	156.88612600024499
4119.357371002	4119.455223519	97.8525170003195
4140.104277941	4140.150804048	46.52610700031801
4160.786313206	4160.852502216	66.18901000001642
4181.944296762	4182.00322214	58.9253779999126
4202.462828149	4202.575967901	113.13975199936976
4223.537969509	4223.660476408	122.50689900065481
4244.648749097	4244.727291008	78.5419109997747
4265.429106372	4265.492810944	63.70457199955126
Sent msgs: 21
Received msgs: 21
Elapsed_time(s): 436.5941205024719
