479030.594761989	479030.965727456	370.96546695102006
479051.097894163	479051.213929716	116.03555298643187
479071.530513249	479071.60609263	75.5793810239993
479092.017748021	479092.114759344	97.01132302870974
479112.490769147	479112.618607235	127.83808802487329
479133.080853284	479133.196730717	115.87743303971365
479153.638124322	479153.752389356	114.26503403345123
479174.227654462	479174.314914397	87.25993504049256
479194.884298547	479194.953749245	69.45069797802716
479215.243642037	479215.304678482	61.036445025820285
479236.250258109	479236.345711545	95.45343596255407
479256.630006977	479256.762183301	132.17632396845147
479277.074715104	479277.208562169	133.84706497890875
479298.154205278	479298.242402285	88.19700696039945
479318.730458218	479318.783387624	52.92940599611029
479339.674597493	479339.816260554	141.66306098923087
479360.492784678	479360.637041911	144.25723301246762
479381.14745284	479381.213862902	66.41006201971322
479402.183385808	479402.271143851	87.75804296601564
479422.634807043	479422.772459996	137.65295298071578
479443.718670394	479443.804295731	85.62533702934161
Sent msgs: 21
Received msgs: 21
Elapsed_time(s): 435.0880410671234
