484979.902456521	484980.38657896	484.1224389965646
485000.240883656	485000.359110976	118.22731996653602
485021.058582616	485021.191113172	132.53055600216612
485041.289564863	485041.35498517	65.42030698619783
485061.843694088	485061.968931355	125.23726699873805
485082.352423253	485082.445969418	93.54616497876123
485102.978399217	485103.051132996	72.7337789721787
485123.356026246	485123.459203354	103.17710804520175
485144.109134881	485144.228258227	119.12334599765018
485164.563360954	485164.650547049	87.18609501374885
485185.049336772	485185.086178326	36.84155398514122
485205.661700028	485205.752917603	91.21757501270622
485226.285566802	485226.411808845	126.24204298481345
485246.736609063	485246.865050493	128.44142998801544
485267.534825026	485267.575763361	40.93833500519395
485288.015543537	485288.081624901	66.08136399881914
485308.72137736	485308.800380461	79.00310098193586
485329.538812594	485329.599974501	61.16190698230639
485349.726609969	485349.818342434	91.7324650217779
485370.370602728	485370.513495769	142.89304101839662
485390.740352635	485390.808562572	68.20993701694533
Sent msgs: 21
Received msgs: 21
Elapsed_time(s): 432.29098677635193
