476997.878809724	476998.357379801	478.570076986216
477018.166494467	477018.315733299	149.23883200390264
477038.603922683	477038.761910367	157.98768401145935
477059.157305173	477059.237859755	80.5545820039697
477079.605213816	477079.727850821	122.63700499897823
477099.982852115	477100.14318945	160.33733502263203
477120.368826746	477120.522431986	153.60523998970166
477140.791919774	477140.925038124	133.11835000058636
477161.390929298	477161.544803002	153.8737039663829
477181.72728233	477181.835622785	108.34045498631895
477202.171647881	477202.30930733	137.65944901388139
477222.474802248	477222.548632506	73.83025798480958
477242.734902284	477242.864600082	129.69779799459502
477263.128718764	477263.206236309	77.51754502533004
477283.663919824	477283.797472671	133.55284702265635
477304.1088263	477304.240391512	131.5652119810693
477325.213489973	477325.364957838	151.46786504192278
477345.855951712	477345.951578268	95.62655602348968
477366.627349909	477366.69744853	70.09862101403996
477387.097282663	477387.244456214	147.17355102766305
477407.734449159	477407.789840883	55.39172398857772
Sent msgs: 21
Received msgs: 21
Elapsed_time(s): 431.6818890571594
