2766298.135363303	2766299.962917132	1827.5538287125528
2766309.991918552	2766314.437007226	4445.088673848659
2766324.464933324	2766327.953144225	3488.2109006866813
2766337.977597222	2766340.867739435	2890.1422126218677
2766350.88904511	2766353.781628247	2892.5831369124353
2766363.806112563	2766366.695791305	2889.6787422709167
2766376.726576821	2766379.60926554	2882.6887188479304
2766389.628375107	2766392.522969519	2894.594411831349
2766402.545564012	2766405.436100584	2890.536571852863
2766415.469369253	2766418.348954529	2879.5852758921683
2766428.377182689	2766431.262684443	2885.5017540045083
2766441.280871261	2766444.175717266	2894.846004899591
2766454.203328393	2766457.088256725	2884.9283321760595
2766467.121628071	2766470.001659364	2880.0312927924097
2766480.02495051	2766482.913540479	2888.589968904853
2766492.937466955	2766495.82608309	2888.6161353439093
2766505.846637983	2766508.741531443	2894.8934599757195
2766518.768251995	2766521.65750882	2889.2568247392774
2766531.687364848	2766534.569830506	2882.4656582437456
2766544.592496925	2766547.482468979	2889.9720539338887
Sent msgs: 20
Received msgs: 20
Elapsed_time(s): 260.38134598731995
