6773.651646112	6773.732786887	81.14077499976702
6794.025533099	6794.074972256	49.43915700005164
6814.165652195	6814.226394933	60.74273800004448
6834.891370814	6834.96717008	75.79926600010367
6855.457207398	6855.498428562	41.22116400048981
6876.166773726	6876.21212591	45.352183999966655
6896.649487895	6896.700745184	51.257289000204764
6917.476402689	6917.505250033	28.847344000496378
6937.982087855	6937.997883793	15.795938000337628
6958.573649873	6958.669398746	95.74887300004775
6978.835894583	6978.844012229	8.117646000755485
6999.312566129	6999.365032975	52.466846000243095
7020.081337649	7020.152600051	71.26240200068423
7040.474786718	7040.540074097	65.2873789995283
7060.972519932	7061.017659881	45.13994900025864
7081.50138569	7081.500166955	-1.2187349993837415
7102.280216484	7102.290098257	9.881772999506211
7122.755559713	7122.815691406	60.13169299967558
7143.199359742	7143.223040234	23.68049200049427
7163.871813349	7163.916419444	44.60609499983548
7184.353676684	7184.415960621	62.283936999847356
Sent msgs: 21
Received msgs: 21
Elapsed_time(s): 432.54434633255005
