2768029.898864163	2768037.131709388	7232.845224905759
2768047.162635665	2768052.396993305	5234.357640147209
2768062.434098674	2768067.662346835	5228.248160798103
2768077.68490132	2768082.926181301	5241.279981099069
2768092.956033726	2768098.190522083	5234.488356858492
2768108.225240808	2768113.453961364	5228.720556013286
2768123.478653021	2768128.718400193	5239.74717175588
2768138.751271683	2768143.984323123	5233.051440212876
2768154.007192897	2768159.248575036	5241.382138803601
2768169.292585558	2768174.513103053	5220.5174951814115
2768184.586521168	2768191.779480294	7192.959126085043
2768201.81256794	2768208.043550704	6230.982764158398
2768218.077344382	2768223.306918098	5229.573715943843
2768233.331372505	2768238.570243716	5238.87121072039
2768248.595123812	2768253.834010127	5238.886314909905
2768263.863248209	2768269.097244975	5233.996766153723
2768279.117427336	2768284.360647919	5243.22058307007
2768294.391839979	2768299.624665229	5232.825249899179
2768309.646925722	2768314.887893848	5240.968126337975
2768324.91107369	2768330.151225559	5240.151869133115
Sent msgs: 20
Received msgs: 20
Elapsed_time(s): 311.2802631855011
