477856.614749588	477857.127619379	512.869791011326
477877.058474933	477877.125783392	67.30845902347937
477897.507003145	477897.568659072	61.65592698380351
477917.976871337	477918.031510808	54.63947099633515
477938.214445266	477938.260751983	46.30671697668731
477958.486151708	477958.521754065	35.60235700570047
477978.798592517	477978.870389059	71.79654203355312
477999.435263623	477999.491357098	56.09347496647388
478019.962126234	478020.007615658	45.48942396650091
478040.470179524	478040.507374314	37.19479002756998
478061.097078161	478061.14023567	43.15750900423154
478081.447765215	478081.526152115	78.38690001517534
478102.064889565	478102.100849783	35.96021799603477
478122.389823128	478122.440498138	50.67501001758501
478142.803284736	478142.855811479	52.52674297662452
478163.311682682	478163.37303617	61.35348801035434
478183.836739416	478183.882325601	45.58618500595912
478204.192221163	478204.240299458	48.07829495985061
478224.611603281	478224.642137921	30.534640012774616
478245.170556841	478245.224175323	53.61848196480423
478265.457569173	478265.510096004	52.52683098660782
Sent msgs: 21
Received msgs: 21
Elapsed_time(s): 430.32355189323425
