43827.063387217	43827.412969058	349.5818410010543
43847.549462542	43847.604261577	54.799034995085094
43868.023052263	43868.167495099	144.44283599732444
43888.39400776	43888.455178368	61.17060800170293
43908.501484882	43908.557716963	56.23208099859767
43928.757685723	43928.850109521	92.42379799979972
43949.054528397	43949.181949178	127.42078099836363
43969.465544182	43969.581544944	116.00076199829346
43989.819572405	43989.981953005	162.380599998869
44010.260057257	44010.325074116	65.01685900002485
44031.045928537	44031.177891101	131.96256399533013
44051.362321496	44051.44249821	80.1767140001175
44071.622303789	44071.667039688	44.73589899862418
44092.046872761	44092.176254812	129.3820510036312
44112.636762244	44112.723514157	86.75191299698781
44132.921587647	44133.025715526	104.12787899986142
44153.306592904	44153.407532127	100.93922299711267
44173.597878742	44173.703725642	105.84689999814145
44193.85435304	44193.938444053	84.09101299912436
44214.2041931	44214.354664169	150.47106899874052
44234.673945877	44234.751301096	77.35521900031017
Sent msgs: 21
Received msgs: 21
Elapsed_time(s): 429.1790351867676
