481851.875855048	481852.275333237	399.47818900691345
481872.463782819	481872.498147777	34.364958002697676
481892.869699716	481892.904244622	34.544905996881425
481913.436670873	481913.484647807	47.976934001781046
481933.91309393	481933.990101276	77.00734602985904
481954.389210422	481954.426178017	36.96759499143809
481975.030920866	481975.076757581	45.83671496948227
481995.303035014	481995.355379716	52.344702009577304
482015.795914257	482015.829269722	33.35546498419717
482036.726642177	482036.782927277	56.28509999951348
482057.371104194	482057.423591163	52.486968983430415
482077.714469087	482077.748926146	34.45705899503082
482098.538990876	482098.58297146	43.980584014207125
482119.117964103	482119.149581429	31.61732602166012
482139.787886605	482139.805334953	17.448347993195057
482160.198381647	482160.250643769	52.262121986132115
482180.540067281	482180.578317906	38.25062501709908
482201.055846275	482201.083050758	27.204482990782708
482221.995734316	482222.045207241	49.47292502038181
482242.386691567	482242.4156009	28.909332992043346
482262.822319802	482262.856382185	34.06238299794495
Sent msgs: 21
Received msgs: 21
Elapsed_time(s): 432.5462086200714
