179372,838920853	179373,248687358	409,7665049775969
179393,42153849	179393,521423556	99,88506601075642
179413,803238165	179413,883375214	80,1370489934925
179434,387268603	179434,565594173	178,32557001383975
179455,174834669	179455,433676154	258,8414850179106
179475,75343494	179475,812943847	59,50890699750744
179496,056082502	179496,313040328	256,95782600087114
179516,673821582	179516,76223199	88,41040800325572
179537,254095	179537,518592254	264,49725398560986
179558,060166729	179558,213255181	153,08845200343058
179578,844338257	179579,061778849	217,44059197953902
179599,749926758	179599,799751745	49,824987014289945
179620,076335482	179620,23090841	154,57292800419964
179640,577828797	179640,719096999	141,26820201636292
179660,966126333	179661,045173206	79,04687299742363
179681,969719792	179682,131014515	161,2947230169084
179702,498800035	179702,551564534	52,7644989779219
179722,761245994	179722,882446184	121,20018998393789
179743,157953023	179743,382636498	224,68347498215735
179763,8457564	179764,064643617	218,88721699360758
179784,831503025	179784,890108068	58,605043013812974
Sent msgs: 21
Received msgs: 21
Elapsed_time(s): 433,6960873603821
