468135.069834532	468135.515310432	445.47590002184734
468155.86787905	468155.938628672	70.74962195474654
468176.855248822	468176.909262145	54.01332298060879
468197.374532963	468197.42057833	46.0453670239076
468217.974749308	468217.996853576	22.104267962276936
468238.455375442	468238.49605325	40.67780799232423
468258.813530845	468258.840781439	27.2505939938128
468279.445055013	468279.493724329	48.66931599099189
468300.094742125	468300.157484882	62.742756970692426
468320.591131068	468320.63766925	46.53818201040849
468341.023393344	468341.093488141	70.09479700354859
468361.518914607	468361.575404156	56.489548995159566
468382.117402082	468382.153934136	36.532053956761956
468402.556224596	468402.611335371	55.1107749924995
468423.135743241	468423.198773811	63.03056998876855
468443.942393596	468443.9881132	45.71960400789976
468464.682501913	468464.754842955	72.34104198869318
468485.237428261	468485.282800031	45.371769985649735
468505.674729146	468505.717058393	42.32924699317664
468525.983564919	468526.046108835	62.543916050344706
468546.945618334	468547.025827131	80.20879700779915
Sent msgs: 21
Received msgs: 21
Elapsed_time(s): 433.326904296875
