393566.505046361	393566.954090494	449.0441330126487
393587.090647476	393587.127128385	36.480908980593085
393607.709229453	393607.750845794	41.616340982727706
393628.239157855	393628.30183811	62.68025503959507
393648.620569509	393648.656862479	36.29297000588849
393669.428022094	393669.482247943	54.225848987698555
393689.842701801	393689.897919568	55.21776701789349
393710.157159886	393710.215852841	58.69295500451699
393730.941913024	393730.988576664	46.663640008773655
393751.490268346	393751.560909621	70.64127502962947
393771.814276385	393771.875030789	60.754403995815665
393792.237155524	393792.293326919	56.171395001001656
393812.838079922	393812.887016814	48.93689200980589
393833.298903293	393833.338639393	39.736100006848574
393853.941186957	393854.002534721	61.34776398539543
393874.29312779	393874.359150826	66.02303602267057
393894.646650898	393894.704132189	57.4812910053879
393915.360024212	393915.418539925	58.515713026281446
393935.94425169	393936.000816428	56.564737984444946
393956.678311999	393956.729111785	50.79978599678725
393977.505023454	393977.55591587	50.892415980342776
Sent msgs: 21
Received msgs: 21
Elapsed_time(s): 432.30274081230164
